2012-09-16 18:03:40,813 INFO  [main] controller.Controller initLog (Controller.java:367) - The log has been initialized
2012-09-16 18:03:40,830 INFO  [main] process.ProcessConfig getBeanFactory (ProcessConfig.java:78) - Loading process configuration from config file: C:\Work\Apex Data Loader 22.0\cliq_process\cuttingEdgeExport\config\process-conf.xml
2012-09-16 18:03:40,941 INFO  [main] xml.XmlBeanDefinitionReader loadBeanDefinitions (XmlBeanDefinitionReader.java:163) - Loading XML bean definitions from file [C:\Work\Apex Data Loader 22.0\cliq_process\cuttingEdgeExport\config\process-conf.xml]
2012-09-16 18:03:41,011 INFO  [main] core.CollectionFactory <clinit> (CollectionFactory.java:66) - JDK 1.4+ collections available
2012-09-16 18:03:41,036 INFO  [main] core.CollectionFactory <clinit> (CollectionFactory.java:71) - Commons Collections 3.x available
2012-09-16 18:03:41,178 INFO  [cuttingEdgeExport] controller.Controller initConfig (Controller.java:328) - The controller config has been initialized
2012-09-16 18:03:41,186 INFO  [cuttingEdgeExport] process.ProcessRunner run (ProcessRunner.java:90) - Initializing process engine
2012-09-16 18:03:41,187 INFO  [cuttingEdgeExport] process.ProcessRunner run (ProcessRunner.java:93) - Loading parameters
2012-09-16 18:03:43,099 INFO  [cuttingEdgeExport] config.LastRun load (LastRun.java:101) - Last run info will be saved in file: C:\Work\Apex Data Loader 22.0\cliq_process\cuttingEdgeExport\log\cuttingEdgeExport_lastRun.properties
2012-09-16 18:03:43,138 INFO  [cuttingEdgeExport] process.ProcessRunner run (ProcessRunner.java:101) - Logging in to: https://www.salesforce.com/services/Soap/u/22.0
2012-09-16 18:03:43,157 INFO  [cuttingEdgeExport] client.PartnerClient login (PartnerClient.java:448) - Beginning Partner Salesforce login ....
2012-09-16 18:03:43,202 INFO  [cuttingEdgeExport] client.PartnerClient loginInternal (PartnerClient.java:488) - Salesforce login to https://www.salesforce.com/services/Soap/u/22.0/services/Soap/u/22.0 as user mp@bourne-leisure.co.uk
2012-09-16 18:03:44,203 INFO  [cuttingEdgeExport] dao.DataAccessObjectFactory getDaoInstance (DataAccessObjectFactory.java:51) - Instantiating data access object: C:\Work\Apex Data Loader 22.0\cliq_process\cuttingEdgeExport\write\cuttingEdgeExport.csv of type: csvWrite
2012-09-16 18:03:44,207 INFO  [cuttingEdgeExport] process.ProcessRunner run (ProcessRunner.java:106) - Checking the data access object connection
2012-09-16 18:03:44,212 INFO  [cuttingEdgeExport] process.ProcessRunner run (ProcessRunner.java:111) - Setting field types
2012-09-16 18:03:45,149 INFO  [cuttingEdgeExport] process.ProcessRunner run (ProcessRunner.java:115) - Setting object reference types
2012-09-16 18:03:45,604 INFO  [cuttingEdgeExport] process.ProcessRunner run (ProcessRunner.java:119) - Creating Map
2012-09-16 18:03:45,613 INFO  [cuttingEdgeExport] action.OperationInfo instantiateAction (OperationInfo.java:70) - Instantiating action for operation: extract
2012-09-16 18:03:45,630 INFO  [cuttingEdgeExport] controller.Controller executeAction (Controller.java:106) - executing operation: extract
2012-09-16 18:03:45,631 INFO  [cuttingEdgeExport] action.AbstractAction execute (AbstractAction.java:113) - Loading: extract
2012-09-16 18:03:45,794 INFO  [cuttingEdgeExport] progress.NihilistProgressAdapter setSubTask (NihilistProgressAdapter.java:73) - Processed 16 of 16 total records. Rate: 6,400,000 records per hour. Estimated time to complete: 0 minutes and 0 seconds.  There are 16 successes and 0 errors.
2012-09-16 18:03:45,804 INFO  [cuttingEdgeExport] progress.NihilistProgressAdapter doneSuccess (NihilistProgressAdapter.java:60) - The operation has fully completed.  There were 16 successful extractions and 0 errors.
2012-09-16 18:26:49,733 INFO  [main] controller.Controller initLog (Controller.java:367) - The log has been initialized
2012-09-16 18:26:49,748 INFO  [main] process.ProcessConfig getBeanFactory (ProcessConfig.java:78) - Loading process configuration from config file: C:\Work\Apex Data Loader 22.0\cliq_process\winnersCircleExport\config\process-conf.xml
2012-09-16 18:26:49,851 INFO  [main] xml.XmlBeanDefinitionReader loadBeanDefinitions (XmlBeanDefinitionReader.java:163) - Loading XML bean definitions from file [C:\Work\Apex Data Loader 22.0\cliq_process\winnersCircleExport\config\process-conf.xml]
2012-09-16 18:26:49,917 INFO  [main] core.CollectionFactory <clinit> (CollectionFactory.java:66) - JDK 1.4+ collections available
2012-09-16 18:26:49,936 INFO  [main] core.CollectionFactory <clinit> (CollectionFactory.java:71) - Commons Collections 3.x available
2012-09-16 18:26:50,072 INFO  [winnersCircleExport] controller.Controller initConfig (Controller.java:328) - The controller config has been initialized
2012-09-16 18:26:50,079 INFO  [winnersCircleExport] process.ProcessRunner run (ProcessRunner.java:90) - Initializing process engine
2012-09-16 18:26:50,080 INFO  [winnersCircleExport] process.ProcessRunner run (ProcessRunner.java:93) - Loading parameters
2012-09-16 18:26:52,009 INFO  [winnersCircleExport] config.LastRun load (LastRun.java:101) - Last run info will be saved in file: C:\Work\Apex Data Loader 22.0\cliq_process\winnersCircleExport\log\winnersCircleExport_lastRun.properties
2012-09-16 18:26:52,045 INFO  [winnersCircleExport] process.ProcessRunner run (ProcessRunner.java:101) - Logging in to: https://www.salesforce.com/services/Soap/u/22.0
2012-09-16 18:26:52,066 INFO  [winnersCircleExport] client.PartnerClient login (PartnerClient.java:448) - Beginning Partner Salesforce login ....
2012-09-16 18:26:52,113 INFO  [winnersCircleExport] client.PartnerClient loginInternal (PartnerClient.java:488) - Salesforce login to https://www.salesforce.com/services/Soap/u/22.0/services/Soap/u/22.0 as user mp@bourne-leisure.co.uk
2012-09-16 18:26:53,131 INFO  [winnersCircleExport] dao.DataAccessObjectFactory getDaoInstance (DataAccessObjectFactory.java:51) - Instantiating data access object: C:\Work\Apex Data Loader 22.0\cliq_process\winnersCircleExport\write\winnersCircleExport.csv of type: csvWrite
2012-09-16 18:26:53,134 INFO  [winnersCircleExport] process.ProcessRunner run (ProcessRunner.java:106) - Checking the data access object connection
2012-09-16 18:26:53,136 INFO  [winnersCircleExport] process.ProcessRunner run (ProcessRunner.java:111) - Setting field types
2012-09-16 18:26:54,095 INFO  [winnersCircleExport] process.ProcessRunner run (ProcessRunner.java:115) - Setting object reference types
2012-09-16 18:26:54,578 INFO  [winnersCircleExport] process.ProcessRunner run (ProcessRunner.java:119) - Creating Map
2012-09-16 18:26:54,594 INFO  [winnersCircleExport] action.OperationInfo instantiateAction (OperationInfo.java:70) - Instantiating action for operation: extract
2012-09-16 18:26:54,616 INFO  [winnersCircleExport] controller.Controller executeAction (Controller.java:106) - executing operation: extract
2012-09-16 18:26:54,618 INFO  [winnersCircleExport] action.AbstractAction execute (AbstractAction.java:113) - Loading: extract
2012-09-16 18:26:55,066 INFO  [winnersCircleExport] progress.NihilistProgressAdapter setSubTask (NihilistProgressAdapter.java:73) - Processed 500 of 1,531 total records. Rate: 36,734,000 records per hour. Estimated time to complete: 0 minutes and 0 seconds.  There are 500 successes and 0 errors.
2012-09-16 18:26:55,368 INFO  [winnersCircleExport] progress.NihilistProgressAdapter setSubTask (NihilistProgressAdapter.java:73) - Processed 1,000 of 1,531 total records. Rate: 10,198,000 records per hour. Estimated time to complete: 0 minutes and 0 seconds.  There are 1,000 successes and 0 errors.
2012-09-16 18:26:55,607 INFO  [winnersCircleExport] progress.NihilistProgressAdapter setSubTask (NihilistProgressAdapter.java:73) - Processed 1,500 of 1,531 total records. Rate: 9,137,000 records per hour. Estimated time to complete: 0 minutes and 0 seconds.  There are 1,500 successes and 0 errors.
2012-09-16 18:26:55,772 INFO  [winnersCircleExport] progress.NihilistProgressAdapter setSubTask (NihilistProgressAdapter.java:73) - Processed 1,531 of 1,531 total records. Rate: 7,290,000 records per hour. Estimated time to complete: 0 minutes and 0 seconds.  There are 1,531 successes and 0 errors.
2012-09-16 18:26:55,782 INFO  [winnersCircleExport] progress.NihilistProgressAdapter doneSuccess (NihilistProgressAdapter.java:60) - The operation has fully completed.  There were 1531 successful extractions and 0 errors.
2012-09-16 18:28:31,310 INFO  [main] controller.Controller initLog (Controller.java:367) - The log has been initialized
2012-09-16 18:28:31,324 INFO  [main] process.ProcessConfig getBeanFactory (ProcessConfig.java:78) - Loading process configuration from config file: C:\Work\Apex Data Loader 22.0\cliq_process\winnersCircleExport\config\process-conf.xml
2012-09-16 18:28:31,424 INFO  [main] xml.XmlBeanDefinitionReader loadBeanDefinitions (XmlBeanDefinitionReader.java:163) - Loading XML bean definitions from file [C:\Work\Apex Data Loader 22.0\cliq_process\winnersCircleExport\config\process-conf.xml]
2012-09-16 18:28:31,488 INFO  [main] core.CollectionFactory <clinit> (CollectionFactory.java:66) - JDK 1.4+ collections available
2012-09-16 18:28:31,509 INFO  [main] core.CollectionFactory <clinit> (CollectionFactory.java:71) - Commons Collections 3.x available
2012-09-16 18:28:31,641 INFO  [winnersCircleExport] controller.Controller initConfig (Controller.java:328) - The controller config has been initialized
2012-09-16 18:28:31,648 INFO  [winnersCircleExport] process.ProcessRunner run (ProcessRunner.java:90) - Initializing process engine
2012-09-16 18:28:31,649 INFO  [winnersCircleExport] process.ProcessRunner run (ProcessRunner.java:93) - Loading parameters
2012-09-16 18:28:33,623 INFO  [winnersCircleExport] config.LastRun load (LastRun.java:101) - Last run info will be saved in file: C:\Work\Apex Data Loader 22.0\cliq_process\winnersCircleExport\log\winnersCircleExport_lastRun.properties
2012-09-16 18:28:33,668 INFO  [winnersCircleExport] process.ProcessRunner run (ProcessRunner.java:101) - Logging in to: https://www.salesforce.com/services/Soap/u/22.0
2012-09-16 18:28:33,694 INFO  [winnersCircleExport] client.PartnerClient login (PartnerClient.java:448) - Beginning Partner Salesforce login ....
2012-09-16 18:28:33,744 INFO  [winnersCircleExport] client.PartnerClient loginInternal (PartnerClient.java:488) - Salesforce login to https://www.salesforce.com/services/Soap/u/22.0/services/Soap/u/22.0 as user mp@bourne-leisure.co.uk
2012-09-16 18:28:34,790 INFO  [winnersCircleExport] dao.DataAccessObjectFactory getDaoInstance (DataAccessObjectFactory.java:51) - Instantiating data access object: C:\Work\Apex Data Loader 22.0\cliq_process\winnersCircleExport\write\winnersCircleExport.csv of type: csvWrite
2012-09-16 18:28:34,794 INFO  [winnersCircleExport] process.ProcessRunner run (ProcessRunner.java:106) - Checking the data access object connection
2012-09-16 18:28:34,796 INFO  [winnersCircleExport] process.ProcessRunner run (ProcessRunner.java:111) - Setting field types
2012-09-16 18:28:35,704 INFO  [winnersCircleExport] process.ProcessRunner run (ProcessRunner.java:115) - Setting object reference types
2012-09-16 18:28:36,136 INFO  [winnersCircleExport] process.ProcessRunner run (ProcessRunner.java:119) - Creating Map
2012-09-16 18:28:36,146 INFO  [winnersCircleExport] action.OperationInfo instantiateAction (OperationInfo.java:70) - Instantiating action for operation: extract
2012-09-16 18:28:36,163 INFO  [winnersCircleExport] controller.Controller executeAction (Controller.java:106) - executing operation: extract
2012-09-16 18:28:36,167 INFO  [winnersCircleExport] action.AbstractAction execute (AbstractAction.java:113) - Loading: extract
2012-09-16 18:28:36,640 INFO  [winnersCircleExport] progress.NihilistProgressAdapter setSubTask (NihilistProgressAdapter.java:73) - Processed 500 of 1,531 total records. Rate: 39,130,000 records per hour. Estimated time to complete: 0 minutes and 0 seconds.  There are 500 successes and 0 errors.
2012-09-16 18:28:37,020 INFO  [winnersCircleExport] progress.NihilistProgressAdapter setSubTask (NihilistProgressAdapter.java:73) - Processed 1,000 of 1,531 total records. Rate: 8,430,000 records per hour. Estimated time to complete: 0 minutes and 0 seconds.  There are 1,000 successes and 0 errors.
2012-09-16 18:28:37,370 INFO  [winnersCircleExport] progress.NihilistProgressAdapter setSubTask (NihilistProgressAdapter.java:73) - Processed 1,500 of 1,531 total records. Rate: 6,949,000 records per hour. Estimated time to complete: 0 minutes and 0 seconds.  There are 1,500 successes and 0 errors.
2012-09-16 18:28:37,524 INFO  [winnersCircleExport] progress.NihilistProgressAdapter setSubTask (NihilistProgressAdapter.java:73) - Processed 1,531 of 1,531 total records. Rate: 5,920,000 records per hour. Estimated time to complete: 0 minutes and 0 seconds.  There are 1,531 successes and 0 errors.
2012-09-16 18:28:37,537 INFO  [winnersCircleExport] progress.NihilistProgressAdapter doneSuccess (NihilistProgressAdapter.java:60) - The operation has fully completed.  There were 1531 successful extractions and 0 errors.
2012-09-16 18:29:04,583 INFO  [main] controller.Controller initLog (Controller.java:367) - The log has been initialized
2012-09-16 18:29:04,597 INFO  [main] process.ProcessConfig getBeanFactory (ProcessConfig.java:78) - Loading process configuration from config file: C:\Work\Apex Data Loader 22.0\cliq_process\winnersCircleExport\config\process-conf.xml
2012-09-16 18:29:04,700 INFO  [main] xml.XmlBeanDefinitionReader loadBeanDefinitions (XmlBeanDefinitionReader.java:163) - Loading XML bean definitions from file [C:\Work\Apex Data Loader 22.0\cliq_process\winnersCircleExport\config\process-conf.xml]
2012-09-16 18:29:04,765 INFO  [main] core.CollectionFactory <clinit> (CollectionFactory.java:66) - JDK 1.4+ collections available
2012-09-16 18:29:04,786 INFO  [main] core.CollectionFactory <clinit> (CollectionFactory.java:71) - Commons Collections 3.x available
2012-09-16 18:29:04,915 INFO  [winnersCircleExport] controller.Controller initConfig (Controller.java:328) - The controller config has been initialized
2012-09-16 18:29:04,922 INFO  [winnersCircleExport] process.ProcessRunner run (ProcessRunner.java:90) - Initializing process engine
2012-09-16 18:29:04,923 INFO  [winnersCircleExport] process.ProcessRunner run (ProcessRunner.java:93) - Loading parameters
2012-09-16 18:29:06,818 INFO  [winnersCircleExport] config.LastRun load (LastRun.java:101) - Last run info will be saved in file: C:\Work\Apex Data Loader 22.0\cliq_process\winnersCircleExport\log\winnersCircleExport_lastRun.properties
2012-09-16 18:29:06,852 INFO  [winnersCircleExport] process.ProcessRunner run (ProcessRunner.java:101) - Logging in to: https://www.salesforce.com/services/Soap/u/22.0
2012-09-16 18:29:06,873 INFO  [winnersCircleExport] client.PartnerClient login (PartnerClient.java:448) - Beginning Partner Salesforce login ....
2012-09-16 18:29:06,918 INFO  [winnersCircleExport] client.PartnerClient loginInternal (PartnerClient.java:488) - Salesforce login to https://www.salesforce.com/services/Soap/u/22.0/services/Soap/u/22.0 as user mp@bourne-leisure.co.uk
2012-09-16 18:29:07,976 INFO  [winnersCircleExport] dao.DataAccessObjectFactory getDaoInstance (DataAccessObjectFactory.java:51) - Instantiating data access object: C:\Work\Apex Data Loader 22.0\cliq_process\winnersCircleExport\write\winnersCircleExport.csv of type: csvWrite
2012-09-16 18:29:07,979 INFO  [winnersCircleExport] process.ProcessRunner run (ProcessRunner.java:106) - Checking the data access object connection
2012-09-16 18:29:07,981 INFO  [winnersCircleExport] process.ProcessRunner run (ProcessRunner.java:111) - Setting field types
2012-09-16 18:29:08,982 INFO  [winnersCircleExport] process.ProcessRunner run (ProcessRunner.java:115) - Setting object reference types
2012-09-16 18:29:09,190 INFO  [winnersCircleExport] process.ProcessRunner run (ProcessRunner.java:119) - Creating Map
2012-09-16 18:29:09,199 INFO  [winnersCircleExport] action.OperationInfo instantiateAction (OperationInfo.java:70) - Instantiating action for operation: extract
2012-09-16 18:29:09,215 INFO  [winnersCircleExport] controller.Controller executeAction (Controller.java:106) - executing operation: extract
2012-09-16 18:29:09,217 INFO  [winnersCircleExport] action.AbstractAction execute (AbstractAction.java:113) - Loading: extract
2012-09-16 18:29:09,710 INFO  [winnersCircleExport] progress.NihilistProgressAdapter setSubTask (NihilistProgressAdapter.java:73) - Processed 500 of 1,531 total records. Rate: 39,130,000 records per hour. Estimated time to complete: 0 minutes and 0 seconds.  There are 500 successes and 0 errors.
2012-09-16 18:29:10,016 INFO  [winnersCircleExport] progress.NihilistProgressAdapter setSubTask (NihilistProgressAdapter.java:73) - Processed 1,000 of 1,531 total records. Rate: 10,169,000 records per hour. Estimated time to complete: 0 minutes and 0 seconds.  There are 1,000 successes and 0 errors.
2012-09-16 18:29:10,238 INFO  [winnersCircleExport] progress.NihilistProgressAdapter setSubTask (NihilistProgressAdapter.java:73) - Processed 1,500 of 1,531 total records. Rate: 9,375,000 records per hour. Estimated time to complete: 0 minutes and 0 seconds.  There are 1,500 successes and 0 errors.
2012-09-16 18:29:10,388 INFO  [winnersCircleExport] progress.NihilistProgressAdapter setSubTask (NihilistProgressAdapter.java:73) - Processed 1,531 of 1,531 total records. Rate: 7,591,000 records per hour. Estimated time to complete: 0 minutes and 0 seconds.  There are 1,531 successes and 0 errors.
2012-09-16 18:29:10,405 INFO  [winnersCircleExport] progress.NihilistProgressAdapter doneSuccess (NihilistProgressAdapter.java:60) - The operation has fully completed.  There were 1531 successful extractions and 0 errors.
2012-09-16 18:32:37,935 INFO  [main] controller.Controller initLog (Controller.java:367) - The log has been initialized
2012-09-16 18:32:37,950 INFO  [main] process.ProcessConfig getBeanFactory (ProcessConfig.java:78) - Loading process configuration from config file: C:\Work\Apex Data Loader 22.0\cliq_process\winnersCircleExport\config\process-conf.xml
2012-09-16 18:32:38,051 INFO  [main] xml.XmlBeanDefinitionReader loadBeanDefinitions (XmlBeanDefinitionReader.java:163) - Loading XML bean definitions from file [C:\Work\Apex Data Loader 22.0\cliq_process\winnersCircleExport\config\process-conf.xml]
2012-09-16 18:32:38,115 INFO  [main] core.CollectionFactory <clinit> (CollectionFactory.java:66) - JDK 1.4+ collections available
2012-09-16 18:32:38,135 INFO  [main] core.CollectionFactory <clinit> (CollectionFactory.java:71) - Commons Collections 3.x available
2012-09-16 18:32:38,266 INFO  [winnersCircleExport] controller.Controller initConfig (Controller.java:328) - The controller config has been initialized
2012-09-16 18:32:38,273 INFO  [winnersCircleExport] process.ProcessRunner run (ProcessRunner.java:90) - Initializing process engine
2012-09-16 18:32:38,274 INFO  [winnersCircleExport] process.ProcessRunner run (ProcessRunner.java:93) - Loading parameters
2012-09-16 18:32:40,180 INFO  [winnersCircleExport] config.LastRun load (LastRun.java:101) - Last run info will be saved in file: C:\Work\Apex Data Loader 22.0\cliq_process\winnersCircleExport\log\winnersCircleExport_lastRun.properties
2012-09-16 18:32:40,215 INFO  [winnersCircleExport] process.ProcessRunner run (ProcessRunner.java:101) - Logging in to: https://www.salesforce.com/services/Soap/u/22.0
2012-09-16 18:32:40,235 INFO  [winnersCircleExport] client.PartnerClient login (PartnerClient.java:448) - Beginning Partner Salesforce login ....
2012-09-16 18:32:40,281 INFO  [winnersCircleExport] client.PartnerClient loginInternal (PartnerClient.java:488) - Salesforce login to https://www.salesforce.com/services/Soap/u/22.0/services/Soap/u/22.0 as user mp@bourne-leisure.co.uk
2012-09-16 18:32:41,344 INFO  [winnersCircleExport] dao.DataAccessObjectFactory getDaoInstance (DataAccessObjectFactory.java:51) - Instantiating data access object: C:\Work\Apex Data Loader 22.0\cliq_process\winnersCircleExport\write\winnersCircleExport.csv of type: csvWrite
2012-09-16 18:32:41,347 INFO  [winnersCircleExport] process.ProcessRunner run (ProcessRunner.java:106) - Checking the data access object connection
2012-09-16 18:32:41,349 INFO  [winnersCircleExport] process.ProcessRunner run (ProcessRunner.java:111) - Setting field types
2012-09-16 18:32:42,292 INFO  [winnersCircleExport] process.ProcessRunner run (ProcessRunner.java:115) - Setting object reference types
2012-09-16 18:32:42,737 INFO  [winnersCircleExport] process.ProcessRunner run (ProcessRunner.java:119) - Creating Map
2012-09-16 18:32:42,751 INFO  [winnersCircleExport] action.OperationInfo instantiateAction (OperationInfo.java:70) - Instantiating action for operation: extract
2012-09-16 18:32:42,767 INFO  [winnersCircleExport] controller.Controller executeAction (Controller.java:106) - executing operation: extract
2012-09-16 18:32:42,768 INFO  [winnersCircleExport] action.AbstractAction execute (AbstractAction.java:113) - Loading: extract
2012-09-16 18:32:43,239 INFO  [winnersCircleExport] progress.NihilistProgressAdapter setSubTask (NihilistProgressAdapter.java:73) - Processed 500 of 1,531 total records. Rate: 36,734,000 records per hour. Estimated time to complete: 0 minutes and 0 seconds.  There are 500 successes and 0 errors.
2012-09-16 18:32:43,639 INFO  [winnersCircleExport] progress.NihilistProgressAdapter setSubTask (NihilistProgressAdapter.java:73) - Processed 1,000 of 1,531 total records. Rate: 7,982,000 records per hour. Estimated time to complete: 0 minutes and 0 seconds.  There are 1,000 successes and 0 errors.
2012-09-16 18:32:43,966 INFO  [winnersCircleExport] progress.NihilistProgressAdapter setSubTask (NihilistProgressAdapter.java:73) - Processed 1,500 of 1,531 total records. Rate: 6,958,000 records per hour. Estimated time to complete: 0 minutes and 0 seconds.  There are 1,500 successes and 0 errors.
2012-09-16 18:32:44,118 INFO  [winnersCircleExport] progress.NihilistProgressAdapter setSubTask (NihilistProgressAdapter.java:73) - Processed 1,531 of 1,531 total records. Rate: 5,932,000 records per hour. Estimated time to complete: 0 minutes and 0 seconds.  There are 1,531 successes and 0 errors.
2012-09-16 18:32:44,135 INFO  [winnersCircleExport] progress.NihilistProgressAdapter doneSuccess (NihilistProgressAdapter.java:60) - The operation has fully completed.  There were 1531 successful extractions and 0 errors.
2012-09-16 18:32:59,601 INFO  [main] controller.Controller initLog (Controller.java:367) - The log has been initialized
2012-09-16 18:32:59,615 INFO  [main] process.ProcessConfig getBeanFactory (ProcessConfig.java:78) - Loading process configuration from config file: C:\Work\Apex Data Loader 22.0\cliq_process\winnersCircleExport\config\process-conf.xml
2012-09-16 18:32:59,716 INFO  [main] xml.XmlBeanDefinitionReader loadBeanDefinitions (XmlBeanDefinitionReader.java:163) - Loading XML bean definitions from file [C:\Work\Apex Data Loader 22.0\cliq_process\winnersCircleExport\config\process-conf.xml]
2012-09-16 18:32:59,782 INFO  [main] core.CollectionFactory <clinit> (CollectionFactory.java:66) - JDK 1.4+ collections available
2012-09-16 18:32:59,803 INFO  [main] core.CollectionFactory <clinit> (CollectionFactory.java:71) - Commons Collections 3.x available
2012-09-16 18:32:59,932 INFO  [winnersCircleExport] controller.Controller initConfig (Controller.java:328) - The controller config has been initialized
2012-09-16 18:32:59,940 INFO  [winnersCircleExport] process.ProcessRunner run (ProcessRunner.java:90) - Initializing process engine
2012-09-16 18:32:59,941 INFO  [winnersCircleExport] process.ProcessRunner run (ProcessRunner.java:93) - Loading parameters
2012-09-16 18:33:01,849 INFO  [winnersCircleExport] config.LastRun load (LastRun.java:101) - Last run info will be saved in file: C:\Work\Apex Data Loader 22.0\cliq_process\winnersCircleExport\log\winnersCircleExport_lastRun.properties
2012-09-16 18:33:01,887 INFO  [winnersCircleExport] process.ProcessRunner run (ProcessRunner.java:101) - Logging in to: https://www.salesforce.com/services/Soap/u/22.0
2012-09-16 18:33:01,907 INFO  [winnersCircleExport] client.PartnerClient login (PartnerClient.java:448) - Beginning Partner Salesforce login ....
2012-09-16 18:33:01,951 INFO  [winnersCircleExport] client.PartnerClient loginInternal (PartnerClient.java:488) - Salesforce login to https://www.salesforce.com/services/Soap/u/22.0/services/Soap/u/22.0 as user mp@bourne-leisure.co.uk
2012-09-16 18:33:03,205 INFO  [winnersCircleExport] dao.DataAccessObjectFactory getDaoInstance (DataAccessObjectFactory.java:51) - Instantiating data access object: C:\Work\Apex Data Loader 22.0\cliq_process\winnersCircleExport\write\winnersCircleExport.csv of type: csvWrite
2012-09-16 18:33:03,208 INFO  [winnersCircleExport] process.ProcessRunner run (ProcessRunner.java:106) - Checking the data access object connection
2012-09-16 18:33:03,210 INFO  [winnersCircleExport] process.ProcessRunner run (ProcessRunner.java:111) - Setting field types
2012-09-16 18:33:04,192 INFO  [winnersCircleExport] process.ProcessRunner run (ProcessRunner.java:115) - Setting object reference types
2012-09-16 18:33:04,414 INFO  [winnersCircleExport] process.ProcessRunner run (ProcessRunner.java:119) - Creating Map
2012-09-16 18:33:04,424 INFO  [winnersCircleExport] action.OperationInfo instantiateAction (OperationInfo.java:70) - Instantiating action for operation: extract
2012-09-16 18:33:04,441 INFO  [winnersCircleExport] controller.Controller executeAction (Controller.java:106) - executing operation: extract
2012-09-16 18:33:04,442 INFO  [winnersCircleExport] action.AbstractAction execute (AbstractAction.java:113) - Loading: extract
2012-09-16 18:33:04,840 INFO  [winnersCircleExport] progress.NihilistProgressAdapter setSubTask (NihilistProgressAdapter.java:73) - Processed 500 of 1,531 total records. Rate: 37,500,000 records per hour. Estimated time to complete: 0 minutes and 0 seconds.  There are 500 successes and 0 errors.
2012-09-16 18:33:05,224 INFO  [winnersCircleExport] progress.NihilistProgressAdapter setSubTask (NihilistProgressAdapter.java:73) - Processed 1,000 of 1,531 total records. Rate: 8,314,000 records per hour. Estimated time to complete: 0 minutes and 0 seconds.  There are 1,000 successes and 0 errors.
2012-09-16 18:33:05,533 INFO  [winnersCircleExport] progress.NihilistProgressAdapter setSubTask (NihilistProgressAdapter.java:73) - Processed 1,500 of 1,531 total records. Rate: 7,287,000 records per hour. Estimated time to complete: 0 minutes and 0 seconds.  There are 1,500 successes and 0 errors.
2012-09-16 18:33:05,688 INFO  [winnersCircleExport] progress.NihilistProgressAdapter setSubTask (NihilistProgressAdapter.java:73) - Processed 1,531 of 1,531 total records. Rate: 6,144,000 records per hour. Estimated time to complete: 0 minutes and 0 seconds.  There are 1,531 successes and 0 errors.
2012-09-16 18:33:05,703 INFO  [winnersCircleExport] progress.NihilistProgressAdapter doneSuccess (NihilistProgressAdapter.java:60) - The operation has fully completed.  There were 1531 successful extractions and 0 errors.
2012-09-16 18:33:49,075 INFO  [main] controller.Controller initLog (Controller.java:367) - The log has been initialized
2012-09-16 18:33:49,088 INFO  [main] process.ProcessConfig getBeanFactory (ProcessConfig.java:78) - Loading process configuration from config file: C:\Work\Apex Data Loader 22.0\cliq_process\winnersCircleExport\config\process-conf.xml
2012-09-16 18:33:49,196 INFO  [main] xml.XmlBeanDefinitionReader loadBeanDefinitions (XmlBeanDefinitionReader.java:163) - Loading XML bean definitions from file [C:\Work\Apex Data Loader 22.0\cliq_process\winnersCircleExport\config\process-conf.xml]
2012-09-16 18:33:49,260 INFO  [main] core.CollectionFactory <clinit> (CollectionFactory.java:66) - JDK 1.4+ collections available
2012-09-16 18:33:49,281 INFO  [main] core.CollectionFactory <clinit> (CollectionFactory.java:71) - Commons Collections 3.x available
2012-09-16 18:33:49,411 INFO  [winnersCircleExport] controller.Controller initConfig (Controller.java:328) - The controller config has been initialized
2012-09-16 18:33:49,419 INFO  [winnersCircleExport] process.ProcessRunner run (ProcessRunner.java:90) - Initializing process engine
2012-09-16 18:33:49,420 INFO  [winnersCircleExport] process.ProcessRunner run (ProcessRunner.java:93) - Loading parameters
2012-09-16 18:33:51,431 INFO  [winnersCircleExport] config.LastRun load (LastRun.java:101) - Last run info will be saved in file: C:\Work\Apex Data Loader 22.0\cliq_process\winnersCircleExport\log\winnersCircleExport_lastRun.properties
2012-09-16 18:33:51,475 INFO  [winnersCircleExport] process.ProcessRunner run (ProcessRunner.java:101) - Logging in to: https://www.salesforce.com/services/Soap/u/22.0
2012-09-16 18:33:51,497 INFO  [winnersCircleExport] client.PartnerClient login (PartnerClient.java:448) - Beginning Partner Salesforce login ....
2012-09-16 18:33:51,555 INFO  [winnersCircleExport] client.PartnerClient loginInternal (PartnerClient.java:488) - Salesforce login to https://www.salesforce.com/services/Soap/u/22.0/services/Soap/u/22.0 as user mp@bourne-leisure.co.uk
2012-09-16 18:33:52,566 INFO  [winnersCircleExport] dao.DataAccessObjectFactory getDaoInstance (DataAccessObjectFactory.java:51) - Instantiating data access object: C:\Work\Apex Data Loader 22.0\cliq_process\winnersCircleExport\write\winnersCircleExport.csv of type: csvWrite
2012-09-16 18:33:52,569 INFO  [winnersCircleExport] process.ProcessRunner run (ProcessRunner.java:106) - Checking the data access object connection
2012-09-16 18:33:52,572 INFO  [winnersCircleExport] process.ProcessRunner run (ProcessRunner.java:111) - Setting field types
2012-09-16 18:33:53,522 INFO  [winnersCircleExport] process.ProcessRunner run (ProcessRunner.java:115) - Setting object reference types
2012-09-16 18:33:53,977 INFO  [winnersCircleExport] process.ProcessRunner run (ProcessRunner.java:119) - Creating Map
2012-09-16 18:33:53,993 INFO  [winnersCircleExport] action.OperationInfo instantiateAction (OperationInfo.java:70) - Instantiating action for operation: extract
2012-09-16 18:33:54,013 INFO  [winnersCircleExport] controller.Controller executeAction (Controller.java:106) - executing operation: extract
2012-09-16 18:33:54,015 INFO  [winnersCircleExport] action.AbstractAction execute (AbstractAction.java:113) - Loading: extract
2012-09-16 18:33:54,426 INFO  [winnersCircleExport] progress.NihilistProgressAdapter setSubTask (NihilistProgressAdapter.java:73) - Processed 500 of 1,531 total records. Rate: 37,500,000 records per hour. Estimated time to complete: 0 minutes and 0 seconds.  There are 500 successes and 0 errors.
2012-09-16 18:33:54,724 INFO  [winnersCircleExport] progress.NihilistProgressAdapter setSubTask (NihilistProgressAdapter.java:73) - Processed 1,000 of 1,531 total records. Rate: 10,344,000 records per hour. Estimated time to complete: 0 minutes and 0 seconds.  There are 1,000 successes and 0 errors.
2012-09-16 18:33:55,034 INFO  [winnersCircleExport] progress.NihilistProgressAdapter setSubTask (NihilistProgressAdapter.java:73) - Processed 1,500 of 1,531 total records. Rate: 8,206,000 records per hour. Estimated time to complete: 0 minutes and 0 seconds.  There are 1,500 successes and 0 errors.
2012-09-16 18:33:55,200 INFO  [winnersCircleExport] progress.NihilistProgressAdapter setSubTask (NihilistProgressAdapter.java:73) - Processed 1,531 of 1,531 total records. Rate: 6,688,000 records per hour. Estimated time to complete: 0 minutes and 0 seconds.  There are 1,531 successes and 0 errors.
2012-09-16 18:33:55,209 INFO  [winnersCircleExport] progress.NihilistProgressAdapter doneSuccess (NihilistProgressAdapter.java:60) - The operation has fully completed.  There were 1531 successful extractions and 0 errors.
2012-09-16 18:34:58,852 INFO  [main] controller.Controller initLog (Controller.java:367) - The log has been initialized
2012-09-16 18:34:58,866 INFO  [main] process.ProcessConfig getBeanFactory (ProcessConfig.java:78) - Loading process configuration from config file: C:\Work\Apex Data Loader 22.0\cliq_process\winnersCircleExport\config\process-conf.xml
2012-09-16 18:34:58,981 INFO  [main] xml.XmlBeanDefinitionReader loadBeanDefinitions (XmlBeanDefinitionReader.java:163) - Loading XML bean definitions from file [C:\Work\Apex Data Loader 22.0\cliq_process\winnersCircleExport\config\process-conf.xml]
2012-09-16 18:34:59,047 INFO  [main] core.CollectionFactory <clinit> (CollectionFactory.java:66) - JDK 1.4+ collections available
2012-09-16 18:34:59,067 INFO  [main] core.CollectionFactory <clinit> (CollectionFactory.java:71) - Commons Collections 3.x available
2012-09-16 18:34:59,198 INFO  [winnersCircleExport] controller.Controller initConfig (Controller.java:328) - The controller config has been initialized
2012-09-16 18:34:59,205 INFO  [winnersCircleExport] process.ProcessRunner run (ProcessRunner.java:90) - Initializing process engine
2012-09-16 18:34:59,207 INFO  [winnersCircleExport] process.ProcessRunner run (ProcessRunner.java:93) - Loading parameters
2012-09-16 18:35:01,122 INFO  [winnersCircleExport] config.LastRun load (LastRun.java:101) - Last run info will be saved in file: C:\Work\Apex Data Loader 22.0\cliq_process\winnersCircleExport\log\winnersCircleExport_lastRun.properties
2012-09-16 18:35:01,159 INFO  [winnersCircleExport] process.ProcessRunner run (ProcessRunner.java:101) - Logging in to: https://www.salesforce.com/services/Soap/u/22.0
2012-09-16 18:35:01,179 INFO  [winnersCircleExport] client.PartnerClient login (PartnerClient.java:448) - Beginning Partner Salesforce login ....
2012-09-16 18:35:01,224 INFO  [winnersCircleExport] client.PartnerClient loginInternal (PartnerClient.java:488) - Salesforce login to https://www.salesforce.com/services/Soap/u/22.0/services/Soap/u/22.0 as user mp@bourne-leisure.co.uk
2012-09-16 18:35:02,270 INFO  [winnersCircleExport] dao.DataAccessObjectFactory getDaoInstance (DataAccessObjectFactory.java:51) - Instantiating data access object: C:\Work\Apex Data Loader 22.0\cliq_process\winnersCircleExport\write\winnersCircleExport.csv of type: csvWrite
2012-09-16 18:35:02,273 INFO  [winnersCircleExport] process.ProcessRunner run (ProcessRunner.java:106) - Checking the data access object connection
2012-09-16 18:35:02,275 INFO  [winnersCircleExport] process.ProcessRunner run (ProcessRunner.java:111) - Setting field types
2012-09-16 18:35:03,223 INFO  [winnersCircleExport] process.ProcessRunner run (ProcessRunner.java:115) - Setting object reference types
2012-09-16 18:35:03,424 INFO  [winnersCircleExport] process.ProcessRunner run (ProcessRunner.java:119) - Creating Map
2012-09-16 18:35:03,433 INFO  [winnersCircleExport] action.OperationInfo instantiateAction (OperationInfo.java:70) - Instantiating action for operation: extract
2012-09-16 18:35:03,449 INFO  [winnersCircleExport] controller.Controller executeAction (Controller.java:106) - executing operation: extract
2012-09-16 18:35:03,451 INFO  [winnersCircleExport] action.AbstractAction execute (AbstractAction.java:113) - Loading: extract
2012-09-16 18:35:03,915 INFO  [winnersCircleExport] progress.NihilistProgressAdapter setSubTask (NihilistProgressAdapter.java:73) - Processed 500 of 1,531 total records. Rate: 38,297,000 records per hour. Estimated time to complete: 0 minutes and 0 seconds.  There are 500 successes and 0 errors.
2012-09-16 18:35:04,302 INFO  [winnersCircleExport] progress.NihilistProgressAdapter setSubTask (NihilistProgressAdapter.java:73) - Processed 1,000 of 1,531 total records. Rate: 8,275,000 records per hour. Estimated time to complete: 0 minutes and 0 seconds.  There are 1,000 successes and 0 errors.
2012-09-16 18:35:04,640 INFO  [winnersCircleExport] progress.NihilistProgressAdapter setSubTask (NihilistProgressAdapter.java:73) - Processed 1,500 of 1,531 total records. Rate: 6,985,000 records per hour. Estimated time to complete: 0 minutes and 0 seconds.  There are 1,500 successes and 0 errors.
2012-09-16 18:35:04,804 INFO  [winnersCircleExport] progress.NihilistProgressAdapter setSubTask (NihilistProgressAdapter.java:73) - Processed 1,531 of 1,531 total records. Rate: 5,882,000 records per hour. Estimated time to complete: 0 minutes and 0 seconds.  There are 1,531 successes and 0 errors.
2012-09-16 18:35:04,822 INFO  [winnersCircleExport] progress.NihilistProgressAdapter doneSuccess (NihilistProgressAdapter.java:60) - The operation has fully completed.  There were 1531 successful extractions and 0 errors.
2012-09-16 18:35:29,496 INFO  [main] controller.Controller initLog (Controller.java:367) - The log has been initialized
2012-09-16 18:35:29,510 INFO  [main] process.ProcessConfig getBeanFactory (ProcessConfig.java:78) - Loading process configuration from config file: C:\Work\Apex Data Loader 22.0\cliq_process\winnersCircleExport\config\process-conf.xml
2012-09-16 18:35:29,613 INFO  [main] xml.XmlBeanDefinitionReader loadBeanDefinitions (XmlBeanDefinitionReader.java:163) - Loading XML bean definitions from file [C:\Work\Apex Data Loader 22.0\cliq_process\winnersCircleExport\config\process-conf.xml]
2012-09-16 18:35:29,678 INFO  [main] core.CollectionFactory <clinit> (CollectionFactory.java:66) - JDK 1.4+ collections available
2012-09-16 18:35:29,698 INFO  [main] core.CollectionFactory <clinit> (CollectionFactory.java:71) - Commons Collections 3.x available
2012-09-16 18:35:29,824 INFO  [winnersCircleExport] controller.Controller initConfig (Controller.java:328) - The controller config has been initialized
2012-09-16 18:35:29,831 INFO  [winnersCircleExport] process.ProcessRunner run (ProcessRunner.java:90) - Initializing process engine
2012-09-16 18:35:29,833 INFO  [winnersCircleExport] process.ProcessRunner run (ProcessRunner.java:93) - Loading parameters
2012-09-16 18:35:31,731 INFO  [winnersCircleExport] config.LastRun load (LastRun.java:101) - Last run info will be saved in file: C:\Work\Apex Data Loader 22.0\cliq_process\winnersCircleExport\log\winnersCircleExport_lastRun.properties
2012-09-16 18:35:31,767 INFO  [winnersCircleExport] process.ProcessRunner run (ProcessRunner.java:101) - Logging in to: https://www.salesforce.com/services/Soap/u/22.0
2012-09-16 18:35:31,787 INFO  [winnersCircleExport] client.PartnerClient login (PartnerClient.java:448) - Beginning Partner Salesforce login ....
2012-09-16 18:35:31,832 INFO  [winnersCircleExport] client.PartnerClient loginInternal (PartnerClient.java:488) - Salesforce login to https://www.salesforce.com/services/Soap/u/22.0/services/Soap/u/22.0 as user mp@bourne-leisure.co.uk
2012-09-16 18:35:32,816 INFO  [winnersCircleExport] dao.DataAccessObjectFactory getDaoInstance (DataAccessObjectFactory.java:51) - Instantiating data access object: C:\Work\Apex Data Loader 22.0\cliq_process\winnersCircleExport\write\winnersCircleExport.csv of type: csvWrite
2012-09-16 18:35:32,820 INFO  [winnersCircleExport] process.ProcessRunner run (ProcessRunner.java:106) - Checking the data access object connection
2012-09-16 18:35:32,822 INFO  [winnersCircleExport] process.ProcessRunner run (ProcessRunner.java:111) - Setting field types
2012-09-16 18:35:33,787 INFO  [winnersCircleExport] process.ProcessRunner run (ProcessRunner.java:115) - Setting object reference types
2012-09-16 18:35:33,991 INFO  [winnersCircleExport] process.ProcessRunner run (ProcessRunner.java:119) - Creating Map
2012-09-16 18:35:34,000 INFO  [winnersCircleExport] action.OperationInfo instantiateAction (OperationInfo.java:70) - Instantiating action for operation: extract
2012-09-16 18:35:34,017 INFO  [winnersCircleExport] controller.Controller executeAction (Controller.java:106) - executing operation: extract
2012-09-16 18:35:34,018 INFO  [winnersCircleExport] action.AbstractAction execute (AbstractAction.java:113) - Loading: extract
2012-09-16 18:35:34,451 INFO  [winnersCircleExport] progress.NihilistProgressAdapter setSubTask (NihilistProgressAdapter.java:73) - Processed 500 of 1,531 total records. Rate: 37,500,000 records per hour. Estimated time to complete: 0 minutes and 0 seconds.  There are 500 successes and 0 errors.
2012-09-16 18:35:34,827 INFO  [winnersCircleExport] progress.NihilistProgressAdapter setSubTask (NihilistProgressAdapter.java:73) - Processed 1,000 of 1,531 total records. Rate: 8,450,000 records per hour. Estimated time to complete: 0 minutes and 0 seconds.  There are 1,000 successes and 0 errors.
2012-09-16 18:35:35,145 INFO  [winnersCircleExport] progress.NihilistProgressAdapter setSubTask (NihilistProgressAdapter.java:73) - Processed 1,500 of 1,531 total records. Rate: 7,267,000 records per hour. Estimated time to complete: 0 minutes and 0 seconds.  There are 1,500 successes and 0 errors.
2012-09-16 18:35:35,293 INFO  [winnersCircleExport] progress.NihilistProgressAdapter setSubTask (NihilistProgressAdapter.java:73) - Processed 1,531 of 1,531 total records. Rate: 6,192,000 records per hour. Estimated time to complete: 0 minutes and 0 seconds.  There are 1,531 successes and 0 errors.
2012-09-16 18:35:35,310 INFO  [winnersCircleExport] progress.NihilistProgressAdapter doneSuccess (NihilistProgressAdapter.java:60) - The operation has fully completed.  There were 1531 successful extractions and 0 errors.
2012-09-16 18:40:13,663 INFO  [main] controller.Controller initLog (Controller.java:367) - The log has been initialized
2012-09-16 18:40:13,677 INFO  [main] process.ProcessConfig getBeanFactory (ProcessConfig.java:78) - Loading process configuration from config file: C:\Work\Apex Data Loader 22.0\cliq_process\winnersCircleExport\config\process-conf.xml
2012-09-16 18:40:13,778 INFO  [main] xml.XmlBeanDefinitionReader loadBeanDefinitions (XmlBeanDefinitionReader.java:163) - Loading XML bean definitions from file [C:\Work\Apex Data Loader 22.0\cliq_process\winnersCircleExport\config\process-conf.xml]
2012-09-16 18:40:13,843 INFO  [main] core.CollectionFactory <clinit> (CollectionFactory.java:66) - JDK 1.4+ collections available
2012-09-16 18:40:13,863 INFO  [main] core.CollectionFactory <clinit> (CollectionFactory.java:71) - Commons Collections 3.x available
2012-09-16 18:40:13,992 INFO  [winnersCircleExport] controller.Controller initConfig (Controller.java:328) - The controller config has been initialized
2012-09-16 18:40:13,999 INFO  [winnersCircleExport] process.ProcessRunner run (ProcessRunner.java:90) - Initializing process engine
2012-09-16 18:40:14,001 INFO  [winnersCircleExport] process.ProcessRunner run (ProcessRunner.java:93) - Loading parameters
2012-09-16 18:40:15,901 INFO  [winnersCircleExport] config.LastRun load (LastRun.java:101) - Last run info will be saved in file: C:\Work\Apex Data Loader 22.0\cliq_process\winnersCircleExport\log\winnersCircleExport_lastRun.properties
2012-09-16 18:40:15,935 INFO  [winnersCircleExport] process.ProcessRunner run (ProcessRunner.java:101) - Logging in to: https://www.salesforce.com/services/Soap/u/22.0
2012-09-16 18:40:15,957 INFO  [winnersCircleExport] client.PartnerClient login (PartnerClient.java:448) - Beginning Partner Salesforce login ....
2012-09-16 18:40:16,002 INFO  [winnersCircleExport] client.PartnerClient loginInternal (PartnerClient.java:488) - Salesforce login to https://www.salesforce.com/services/Soap/u/22.0/services/Soap/u/22.0 as user mp@bourne-leisure.co.uk
2012-09-16 18:40:17,072 INFO  [winnersCircleExport] dao.DataAccessObjectFactory getDaoInstance (DataAccessObjectFactory.java:51) - Instantiating data access object: C:\Work\Apex Data Loader 22.0\cliq_process\winnersCircleExport\write\winnersCircleExport.csv of type: csvWrite
2012-09-16 18:40:17,076 INFO  [winnersCircleExport] process.ProcessRunner run (ProcessRunner.java:106) - Checking the data access object connection
2012-09-16 18:40:17,078 INFO  [winnersCircleExport] process.ProcessRunner run (ProcessRunner.java:111) - Setting field types
2012-09-16 18:40:18,038 INFO  [winnersCircleExport] process.ProcessRunner run (ProcessRunner.java:115) - Setting object reference types
2012-09-16 18:40:18,489 INFO  [winnersCircleExport] process.ProcessRunner run (ProcessRunner.java:119) - Creating Map
2012-09-16 18:40:18,503 INFO  [winnersCircleExport] action.OperationInfo instantiateAction (OperationInfo.java:70) - Instantiating action for operation: extract
2012-09-16 18:40:18,523 INFO  [winnersCircleExport] controller.Controller executeAction (Controller.java:106) - executing operation: extract
2012-09-16 18:40:18,525 INFO  [winnersCircleExport] action.AbstractAction execute (AbstractAction.java:113) - Loading: extract
2012-09-16 18:40:18,991 INFO  [winnersCircleExport] progress.NihilistProgressAdapter setSubTask (NihilistProgressAdapter.java:73) - Processed 500 of 1,531 total records. Rate: 38,297,000 records per hour. Estimated time to complete: 0 minutes and 0 seconds.  There are 500 successes and 0 errors.
2012-09-16 18:40:19,317 INFO  [winnersCircleExport] progress.NihilistProgressAdapter setSubTask (NihilistProgressAdapter.java:73) - Processed 1,000 of 1,531 total records. Rate: 9,625,000 records per hour. Estimated time to complete: 0 minutes and 0 seconds.  There are 1,000 successes and 0 errors.
2012-09-16 18:40:19,631 INFO  [winnersCircleExport] progress.NihilistProgressAdapter setSubTask (NihilistProgressAdapter.java:73) - Processed 1,500 of 1,531 total records. Rate: 7,860,000 records per hour. Estimated time to complete: 0 minutes and 0 seconds.  There are 1,500 successes and 0 errors.
2012-09-16 18:40:19,780 INFO  [winnersCircleExport] progress.NihilistProgressAdapter setSubTask (NihilistProgressAdapter.java:73) - Processed 1,531 of 1,531 total records. Rate: 6,584,000 records per hour. Estimated time to complete: 0 minutes and 0 seconds.  There are 1,531 successes and 0 errors.
2012-09-16 18:40:19,799 INFO  [winnersCircleExport] progress.NihilistProgressAdapter doneSuccess (NihilistProgressAdapter.java:60) - The operation has fully completed.  There were 1531 successful extractions and 0 errors.
2012-09-16 18:40:20,348 INFO  [main] controller.Controller initLog (Controller.java:367) - The log has been initialized
2012-09-16 18:40:20,362 INFO  [main] process.ProcessConfig getBeanFactory (ProcessConfig.java:78) - Loading process configuration from config file: C:\Work\Apex Data Loader 22.0\cliq_process\winnersCircleDelete\config\process-conf.xml
2012-09-16 18:40:20,463 INFO  [main] xml.XmlBeanDefinitionReader loadBeanDefinitions (XmlBeanDefinitionReader.java:163) - Loading XML bean definitions from file [C:\Work\Apex Data Loader 22.0\cliq_process\winnersCircleDelete\config\process-conf.xml]
2012-09-16 18:40:20,528 INFO  [main] core.CollectionFactory <clinit> (CollectionFactory.java:66) - JDK 1.4+ collections available
2012-09-16 18:40:20,548 INFO  [main] core.CollectionFactory <clinit> (CollectionFactory.java:71) - Commons Collections 3.x available
2012-09-16 18:40:20,677 INFO  [winnersCircleDelete] controller.Controller initConfig (Controller.java:328) - The controller config has been initialized
2012-09-16 18:40:20,684 INFO  [winnersCircleDelete] process.ProcessRunner run (ProcessRunner.java:90) - Initializing process engine
2012-09-16 18:40:20,686 INFO  [winnersCircleDelete] process.ProcessRunner run (ProcessRunner.java:93) - Loading parameters
2012-09-16 18:40:22,560 INFO  [winnersCircleDelete] config.LastRun load (LastRun.java:101) - Last run info will be saved in file: C:\Work\Apex Data Loader 22.0\cliq_process\winnersCircleDelete\log\winnersCircleDelete_lastRun.properties
2012-09-16 18:40:22,594 INFO  [winnersCircleDelete] process.ProcessRunner run (ProcessRunner.java:101) - Logging in to: https://www.salesforce.com/services/Soap/u/22.0
2012-09-16 18:40:22,614 INFO  [winnersCircleDelete] client.PartnerClient login (PartnerClient.java:448) - Beginning Partner Salesforce login ....
2012-09-16 18:40:22,660 INFO  [winnersCircleDelete] client.PartnerClient loginInternal (PartnerClient.java:488) - Salesforce login to https://www.salesforce.com/services/Soap/u/22.0/services/Soap/u/22.0 as user mp@bourne-leisure.co.uk
2012-09-16 18:40:23,698 INFO  [winnersCircleDelete] dao.DataAccessObjectFactory getDaoInstance (DataAccessObjectFactory.java:51) - Instantiating data access object: C:\Work\Apex Data Loader 22.0\cliq_process\winnersCircleExport\write\winnersCircleExport.csv of type: csvRead
2012-09-16 18:40:23,706 INFO  [winnersCircleDelete] process.ProcessRunner run (ProcessRunner.java:106) - Checking the data access object connection
2012-09-16 18:40:23,708 INFO  [winnersCircleDelete] process.ProcessRunner run (ProcessRunner.java:111) - Setting field types
2012-09-16 18:40:24,641 INFO  [winnersCircleDelete] process.ProcessRunner run (ProcessRunner.java:115) - Setting object reference types
2012-09-16 18:40:25,102 INFO  [winnersCircleDelete] process.ProcessRunner run (ProcessRunner.java:119) - Creating Map
2012-09-16 18:40:25,111 INFO  [winnersCircleDelete] action.OperationInfo instantiateAction (OperationInfo.java:70) - Instantiating action for operation: delete
2012-09-16 18:40:25,213 INFO  [winnersCircleDelete] controller.Controller executeAction (Controller.java:106) - executing operation: delete
2012-09-16 18:40:25,214 INFO  [winnersCircleDelete] action.AbstractAction execute (AbstractAction.java:113) - Loading: delete
2012-09-16 18:40:25,879 INFO  [winnersCircleDelete] progress.NihilistProgressAdapter setSubTask (NihilistProgressAdapter.java:73) - Processed 100 of 1,531 total records. Rate: 611,000 records per hour. Estimated time to complete: 0 minutes and 8 seconds.  There are 100 successes and 0 errors.
2012-09-16 18:40:26,422 INFO  [winnersCircleDelete] progress.NihilistProgressAdapter setSubTask (NihilistProgressAdapter.java:73) - Processed 200 of 1,531 total records. Rate: 1,353,000 records per hour. Estimated time to complete: 0 minutes and 3 seconds.  There are 200 successes and 0 errors.
2012-09-16 18:40:26,993 INFO  [winnersCircleDelete] progress.NihilistProgressAdapter setSubTask (NihilistProgressAdapter.java:73) - Processed 300 of 1,531 total records. Rate: 1,935,000 records per hour. Estimated time to complete: 0 minutes and 2 seconds.  There are 300 successes and 0 errors.
2012-09-16 18:40:27,510 INFO  [winnersCircleDelete] progress.NihilistProgressAdapter setSubTask (NihilistProgressAdapter.java:73) - Processed 400 of 1,531 total records. Rate: 2,862,000 records per hour. Estimated time to complete: 0 minutes and 1 seconds.  There are 400 successes and 0 errors.
2012-09-16 18:40:28,009 INFO  [winnersCircleDelete] progress.NihilistProgressAdapter setSubTask (NihilistProgressAdapter.java:73) - Processed 500 of 1,531 total records. Rate: 3,680,000 records per hour. Estimated time to complete: 0 minutes and 1 seconds.  There are 500 successes and 0 errors.
2012-09-16 18:40:28,552 INFO  [winnersCircleDelete] progress.NihilistProgressAdapter setSubTask (NihilistProgressAdapter.java:73) - Processed 600 of 1,531 total records. Rate: 4,052,000 records per hour. Estimated time to complete: 0 minutes and 0 seconds.  There are 600 successes and 0 errors.
2012-09-16 18:40:29,120 INFO  [winnersCircleDelete] progress.NihilistProgressAdapter setSubTask (NihilistProgressAdapter.java:73) - Processed 700 of 1,531 total records. Rate: 4,540,000 records per hour. Estimated time to complete: 0 minutes and 0 seconds.  There are 700 successes and 0 errors.
2012-09-16 18:40:29,633 INFO  [winnersCircleDelete] progress.NihilistProgressAdapter setSubTask (NihilistProgressAdapter.java:73) - Processed 800 of 1,531 total records. Rate: 5,818,000 records per hour. Estimated time to complete: 0 minutes and 0 seconds.  There are 800 successes and 0 errors.
2012-09-16 18:40:30,155 INFO  [winnersCircleDelete] progress.NihilistProgressAdapter setSubTask (NihilistProgressAdapter.java:73) - Processed 900 of 1,531 total records. Rate: 6,652,000 records per hour. Estimated time to complete: 0 minutes and 0 seconds.  There are 900 successes and 0 errors.
2012-09-16 18:40:30,672 INFO  [winnersCircleDelete] progress.NihilistProgressAdapter setSubTask (NihilistProgressAdapter.java:73) - Processed 1,000 of 1,531 total records. Rate: 7,086,000 records per hour. Estimated time to complete: 0 minutes and 0 seconds.  There are 1,000 successes and 0 errors.
2012-09-16 18:40:31,207 INFO  [winnersCircleDelete] progress.NihilistProgressAdapter setSubTask (NihilistProgressAdapter.java:73) - Processed 1,100 of 1,531 total records. Rate: 7,600,000 records per hour. Estimated time to complete: 0 minutes and 0 seconds.  There are 1,100 successes and 0 errors.
2012-09-16 18:40:31,739 INFO  [winnersCircleDelete] progress.NihilistProgressAdapter setSubTask (NihilistProgressAdapter.java:73) - Processed 1,200 of 1,531 total records. Rate: 8,404,000 records per hour. Estimated time to complete: 0 minutes and 0 seconds.  There are 1,200 successes and 0 errors.
2012-09-16 18:40:32,299 INFO  [winnersCircleDelete] progress.NihilistProgressAdapter setSubTask (NihilistProgressAdapter.java:73) - Processed 1,300 of 1,531 total records. Rate: 8,462,000 records per hour. Estimated time to complete: 0 minutes and 0 seconds.  There are 1,300 successes and 0 errors.
2012-09-16 18:40:32,830 INFO  [winnersCircleDelete] progress.NihilistProgressAdapter setSubTask (NihilistProgressAdapter.java:73) - Processed 1,400 of 1,531 total records. Rate: 9,636,000 records per hour. Estimated time to complete: 0 minutes and 0 seconds.  There are 1,400 successes and 0 errors.
2012-09-16 18:40:33,411 INFO  [winnersCircleDelete] progress.NihilistProgressAdapter setSubTask (NihilistProgressAdapter.java:73) - Processed 1,500 of 1,531 total records. Rate: 9,574,000 records per hour. Estimated time to complete: 0 minutes and 0 seconds.  There are 1,500 successes and 0 errors.
2012-09-16 18:40:33,707 INFO  [winnersCircleDelete] progress.NihilistProgressAdapter setSubTask (NihilistProgressAdapter.java:73) - Processed 1,531 of 1,531 total records. Rate: 18,875,000 records per hour. Estimated time to complete: 0 minutes and 0 seconds.  There are 1,531 successes and 0 errors.
2012-09-16 18:40:33,714 INFO  [winnersCircleDelete] progress.NihilistProgressAdapter doneSuccess (NihilistProgressAdapter.java:60) - The operation has fully completed.  There were 1531 successful deletes and 0 errors.
2012-09-16 18:40:34,321 INFO  [main] controller.Controller initLog (Controller.java:367) - The log has been initialized
2012-09-16 18:40:34,336 INFO  [main] process.ProcessConfig getBeanFactory (ProcessConfig.java:78) - Loading process configuration from config file: C:\Work\Apex Data Loader 22.0\cliq_process\winnersCircleInsert\config\process-conf.xml
2012-09-16 18:40:34,443 INFO  [main] xml.XmlBeanDefinitionReader loadBeanDefinitions (XmlBeanDefinitionReader.java:163) - Loading XML bean definitions from file [C:\Work\Apex Data Loader 22.0\cliq_process\winnersCircleInsert\config\process-conf.xml]
2012-09-16 18:40:34,507 INFO  [main] core.CollectionFactory <clinit> (CollectionFactory.java:66) - JDK 1.4+ collections available
2012-09-16 18:40:34,527 INFO  [main] core.CollectionFactory <clinit> (CollectionFactory.java:71) - Commons Collections 3.x available
2012-09-16 18:40:34,657 INFO  [winnersCircleInsert] controller.Controller initConfig (Controller.java:328) - The controller config has been initialized
2012-09-16 18:40:34,665 INFO  [winnersCircleInsert] process.ProcessRunner run (ProcessRunner.java:90) - Initializing process engine
2012-09-16 18:40:34,667 INFO  [winnersCircleInsert] process.ProcessRunner run (ProcessRunner.java:93) - Loading parameters
2012-09-16 18:40:36,567 INFO  [winnersCircleInsert] config.LastRun load (LastRun.java:101) - Last run info will be saved in file: C:\Work\Apex Data Loader 22.0\cliq_process\winnersCircleInsert\log\winnersCircleInsert_lastRun.properties
2012-09-16 18:40:36,600 INFO  [winnersCircleInsert] process.ProcessRunner run (ProcessRunner.java:101) - Logging in to: https://www.salesforce.com/services/Soap/u/22.0
2012-09-16 18:40:36,627 INFO  [winnersCircleInsert] client.PartnerClient login (PartnerClient.java:448) - Beginning Partner Salesforce login ....
2012-09-16 18:40:36,677 INFO  [winnersCircleInsert] client.PartnerClient loginInternal (PartnerClient.java:488) - Salesforce login to https://www.salesforce.com/services/Soap/u/22.0/services/Soap/u/22.0 as user mp@bourne-leisure.co.uk
2012-09-16 18:40:37,669 INFO  [winnersCircleInsert] dao.DataAccessObjectFactory getDaoInstance (DataAccessObjectFactory.java:51) - Instantiating data access object: C:\Work\Apex Data Loader 22.0\cliq_process\winnersCircleInsert\read\winnersCircleInsert.csv of type: csvRead
2012-09-16 18:40:37,683 INFO  [winnersCircleInsert] process.ProcessRunner run (ProcessRunner.java:106) - Checking the data access object connection
2012-09-16 18:40:37,685 INFO  [winnersCircleInsert] process.ProcessRunner run (ProcessRunner.java:111) - Setting field types
2012-09-16 18:40:38,615 INFO  [winnersCircleInsert] process.ProcessRunner run (ProcessRunner.java:115) - Setting object reference types
2012-09-16 18:40:39,061 INFO  [winnersCircleInsert] process.ProcessRunner run (ProcessRunner.java:119) - Creating Map
2012-09-16 18:40:39,072 INFO  [winnersCircleInsert] action.OperationInfo instantiateAction (OperationInfo.java:70) - Instantiating action for operation: insert
2012-09-16 18:40:39,179 INFO  [winnersCircleInsert] controller.Controller executeAction (Controller.java:106) - executing operation: insert
2012-09-16 18:40:39,181 INFO  [winnersCircleInsert] action.AbstractAction execute (AbstractAction.java:113) - Loading: insert
2012-09-16 18:40:39,820 INFO  [winnersCircleInsert] progress.NihilistProgressAdapter setSubTask (NihilistProgressAdapter.java:73) - Processed 100 of 1,531 total records. Rate: 683,000 records per hour. Estimated time to complete: 0 minutes and 7 seconds.  There are 100 successes and 0 errors.
2012-09-16 18:40:40,273 INFO  [winnersCircleInsert] progress.NihilistProgressAdapter setSubTask (NihilistProgressAdapter.java:73) - Processed 200 of 1,531 total records. Rate: 1,698,000 records per hour. Estimated time to complete: 0 minutes and 2 seconds.  There are 200 successes and 0 errors.
2012-09-16 18:40:40,737 INFO  [winnersCircleInsert] progress.NihilistProgressAdapter setSubTask (NihilistProgressAdapter.java:73) - Processed 300 of 1,531 total records. Rate: 2,673,000 records per hour. Estimated time to complete: 0 minutes and 1 seconds.  There are 300 successes and 0 errors.
2012-09-16 18:40:41,238 INFO  [winnersCircleInsert] progress.NihilistProgressAdapter setSubTask (NihilistProgressAdapter.java:73) - Processed 400 of 1,531 total records. Rate: 3,591,000 records per hour. Estimated time to complete: 0 minutes and 1 seconds.  There are 400 successes and 0 errors.
2012-09-16 18:40:41,671 INFO  [winnersCircleInsert] progress.NihilistProgressAdapter setSubTask (NihilistProgressAdapter.java:73) - Processed 500 of 1,531 total records. Rate: 4,358,000 records per hour. Estimated time to complete: 0 minutes and 0 seconds.  There are 500 successes and 0 errors.
2012-09-16 18:40:42,073 INFO  [winnersCircleInsert] progress.NihilistProgressAdapter setSubTask (NihilistProgressAdapter.java:73) - Processed 600 of 1,531 total records. Rate: 5,610,000 records per hour. Estimated time to complete: 0 minutes and 0 seconds.  There are 600 successes and 0 errors.
2012-09-16 18:40:42,613 INFO  [winnersCircleInsert] progress.NihilistProgressAdapter setSubTask (NihilistProgressAdapter.java:73) - Processed 700 of 1,531 total records. Rate: 4,855,000 records per hour. Estimated time to complete: 0 minutes and 0 seconds.  There are 700 successes and 0 errors.
2012-09-16 18:40:43,089 INFO  [winnersCircleInsert] progress.NihilistProgressAdapter setSubTask (NihilistProgressAdapter.java:73) - Processed 800 of 1,531 total records. Rate: 6,315,000 records per hour. Estimated time to complete: 0 minutes and 0 seconds.  There are 800 successes and 0 errors.
2012-09-16 18:40:43,502 INFO  [winnersCircleInsert] progress.NihilistProgressAdapter setSubTask (NihilistProgressAdapter.java:73) - Processed 900 of 1,531 total records. Rate: 8,372,000 records per hour. Estimated time to complete: 0 minutes and 0 seconds.  There are 900 successes and 0 errors.
2012-09-16 18:40:43,909 INFO  [winnersCircleInsert] progress.NihilistProgressAdapter setSubTask (NihilistProgressAdapter.java:73) - Processed 1,000 of 1,531 total records. Rate: 9,113,000 records per hour. Estimated time to complete: 0 minutes and 0 seconds.  There are 1,000 successes and 0 errors.
2012-09-16 18:40:44,313 INFO  [winnersCircleInsert] progress.NihilistProgressAdapter setSubTask (NihilistProgressAdapter.java:73) - Processed 1,100 of 1,531 total records. Rate: 10,232,000 records per hour. Estimated time to complete: 0 minutes and 0 seconds.  There are 1,100 successes and 0 errors.
2012-09-16 18:40:44,731 INFO  [winnersCircleInsert] progress.NihilistProgressAdapter setSubTask (NihilistProgressAdapter.java:73) - Processed 1,200 of 1,531 total records. Rate: 10,773,000 records per hour. Estimated time to complete: 0 minutes and 0 seconds.  There are 1,200 successes and 0 errors.
2012-09-16 18:40:45,271 INFO  [winnersCircleInsert] progress.NihilistProgressAdapter setSubTask (NihilistProgressAdapter.java:73) - Processed 1,300 of 1,531 total records. Rate: 9,052,000 records per hour. Estimated time to complete: 0 minutes and 0 seconds.  There are 1,300 successes and 0 errors.
2012-09-16 18:40:45,708 INFO  [winnersCircleInsert] progress.NihilistProgressAdapter setSubTask (NihilistProgressAdapter.java:73) - Processed 1,400 of 1,531 total records. Rate: 11,886,000 records per hour. Estimated time to complete: 0 minutes and 0 seconds.  There are 1,400 successes and 0 errors.
2012-09-16 18:40:46,182 INFO  [winnersCircleInsert] progress.NihilistProgressAdapter setSubTask (NihilistProgressAdapter.java:73) - Processed 1,500 of 1,531 total records. Rate: 11,894,000 records per hour. Estimated time to complete: 0 minutes and 0 seconds.  There are 1,500 successes and 0 errors.
2012-09-16 18:40:46,431 INFO  [winnersCircleInsert] progress.NihilistProgressAdapter setSubTask (NihilistProgressAdapter.java:73) - Processed 1,531 of 1,531 total records. Rate: 22,775,000 records per hour. Estimated time to complete: 0 minutes and 0 seconds.  There are 1,531 successes and 0 errors.
2012-09-16 18:40:46,442 INFO  [winnersCircleInsert] progress.NihilistProgressAdapter doneSuccess (NihilistProgressAdapter.java:60) - The operation has fully completed.  There were 1531 successful inserts and 0 errors.
2012-09-16 18:53:28,147 INFO  [main] controller.Controller initLog (Controller.java:367) - The log has been initialized
2012-09-16 18:53:28,162 INFO  [main] process.ProcessConfig getBeanFactory (ProcessConfig.java:78) - Loading process configuration from config file: C:\Work\Apex Data Loader 22.0\cliq_process\cuttingEdgeExport\config\process-conf.xml
2012-09-16 18:53:28,269 INFO  [main] xml.XmlBeanDefinitionReader loadBeanDefinitions (XmlBeanDefinitionReader.java:163) - Loading XML bean definitions from file [C:\Work\Apex Data Loader 22.0\cliq_process\cuttingEdgeExport\config\process-conf.xml]
2012-09-16 18:53:28,337 INFO  [main] core.CollectionFactory <clinit> (CollectionFactory.java:66) - JDK 1.4+ collections available
2012-09-16 18:53:28,359 INFO  [main] core.CollectionFactory <clinit> (CollectionFactory.java:71) - Commons Collections 3.x available
2012-09-16 18:53:28,492 INFO  [cuttingEdgeExport] controller.Controller initConfig (Controller.java:328) - The controller config has been initialized
2012-09-16 18:53:28,499 INFO  [cuttingEdgeExport] process.ProcessRunner run (ProcessRunner.java:90) - Initializing process engine
2012-09-16 18:53:28,501 INFO  [cuttingEdgeExport] process.ProcessRunner run (ProcessRunner.java:93) - Loading parameters
2012-09-16 18:53:30,445 INFO  [cuttingEdgeExport] config.LastRun load (LastRun.java:101) - Last run info will be saved in file: C:\Work\Apex Data Loader 22.0\cliq_process\cuttingEdgeExport\log\cuttingEdgeExport_lastRun.properties
2012-09-16 18:53:30,479 INFO  [cuttingEdgeExport] process.ProcessRunner run (ProcessRunner.java:101) - Logging in to: https://www.salesforce.com/services/Soap/u/22.0
2012-09-16 18:53:30,500 INFO  [cuttingEdgeExport] client.PartnerClient login (PartnerClient.java:448) - Beginning Partner Salesforce login ....
2012-09-16 18:53:30,545 INFO  [cuttingEdgeExport] client.PartnerClient loginInternal (PartnerClient.java:488) - Salesforce login to https://www.salesforce.com/services/Soap/u/22.0/services/Soap/u/22.0 as user mp@bourne-leisure.co.uk
2012-09-16 18:53:31,865 INFO  [cuttingEdgeExport] dao.DataAccessObjectFactory getDaoInstance (DataAccessObjectFactory.java:51) - Instantiating data access object: C:\Work\Apex Data Loader 22.0\cliq_process\cuttingEdgeExport\write\cuttingEdgeExport.csv of type: csvWrite
2012-09-16 18:53:31,867 INFO  [cuttingEdgeExport] process.ProcessRunner run (ProcessRunner.java:106) - Checking the data access object connection
2012-09-16 18:53:31,870 INFO  [cuttingEdgeExport] process.ProcessRunner run (ProcessRunner.java:111) - Setting field types
2012-09-16 18:53:32,802 INFO  [cuttingEdgeExport] process.ProcessRunner run (ProcessRunner.java:115) - Setting object reference types
2012-09-16 18:53:33,001 INFO  [cuttingEdgeExport] process.ProcessRunner run (ProcessRunner.java:119) - Creating Map
2012-09-16 18:53:33,010 INFO  [cuttingEdgeExport] action.OperationInfo instantiateAction (OperationInfo.java:70) - Instantiating action for operation: extract
2012-09-16 18:53:33,026 INFO  [cuttingEdgeExport] controller.Controller executeAction (Controller.java:106) - executing operation: extract
2012-09-16 18:53:33,027 INFO  [cuttingEdgeExport] action.AbstractAction execute (AbstractAction.java:113) - Loading: extract
2012-09-16 18:53:33,219 INFO  [cuttingEdgeExport] progress.NihilistProgressAdapter setSubTask (NihilistProgressAdapter.java:73) - Processed 32 of 32 total records. Rate: 16,457,000 records per hour. Estimated time to complete: 0 minutes and 0 seconds.  There are 32 successes and 0 errors.
2012-09-16 18:53:33,229 INFO  [cuttingEdgeExport] progress.NihilistProgressAdapter doneSuccess (NihilistProgressAdapter.java:60) - The operation has fully completed.  There were 32 successful extractions and 0 errors.
2012-09-16 18:53:33,796 INFO  [main] controller.Controller initLog (Controller.java:367) - The log has been initialized
2012-09-16 18:53:33,810 INFO  [main] process.ProcessConfig getBeanFactory (ProcessConfig.java:78) - Loading process configuration from config file: C:\Work\Apex Data Loader 22.0\cliq_process\cuttingEdgeDelete\config\process-conf.xml
2012-09-16 18:53:33,912 INFO  [main] xml.XmlBeanDefinitionReader loadBeanDefinitions (XmlBeanDefinitionReader.java:163) - Loading XML bean definitions from file [C:\Work\Apex Data Loader 22.0\cliq_process\cuttingEdgeDelete\config\process-conf.xml]
2012-09-16 18:53:33,978 INFO  [main] core.CollectionFactory <clinit> (CollectionFactory.java:66) - JDK 1.4+ collections available
2012-09-16 18:53:33,999 INFO  [main] core.CollectionFactory <clinit> (CollectionFactory.java:71) - Commons Collections 3.x available
2012-09-16 18:53:34,128 INFO  [cuttingEdgeDelete] controller.Controller initConfig (Controller.java:328) - The controller config has been initialized
2012-09-16 18:53:34,136 INFO  [cuttingEdgeDelete] process.ProcessRunner run (ProcessRunner.java:90) - Initializing process engine
2012-09-16 18:53:34,138 INFO  [cuttingEdgeDelete] process.ProcessRunner run (ProcessRunner.java:93) - Loading parameters
2012-09-16 18:53:36,043 INFO  [cuttingEdgeDelete] config.LastRun load (LastRun.java:101) - Last run info will be saved in file: C:\Work\Apex Data Loader 22.0\cliq_process\cuttingEdgeDelete\log\cuttingEdgeDelete_lastRun.properties
2012-09-16 18:53:36,078 INFO  [cuttingEdgeDelete] process.ProcessRunner run (ProcessRunner.java:101) - Logging in to: https://www.salesforce.com/services/Soap/u/22.0
2012-09-16 18:53:36,099 INFO  [cuttingEdgeDelete] client.PartnerClient login (PartnerClient.java:448) - Beginning Partner Salesforce login ....
2012-09-16 18:53:36,144 INFO  [cuttingEdgeDelete] client.PartnerClient loginInternal (PartnerClient.java:488) - Salesforce login to https://www.salesforce.com/services/Soap/u/22.0/services/Soap/u/22.0 as user mp@bourne-leisure.co.uk
2012-09-16 18:53:37,391 INFO  [cuttingEdgeDelete] dao.DataAccessObjectFactory getDaoInstance (DataAccessObjectFactory.java:51) - Instantiating data access object: C:\Work\Apex Data Loader 22.0\cliq_process\cuttingEdgeExport\write\cuttingEdgeExport.csv of type: csvRead
2012-09-16 18:53:37,399 INFO  [cuttingEdgeDelete] process.ProcessRunner run (ProcessRunner.java:106) - Checking the data access object connection
2012-09-16 18:53:37,401 INFO  [cuttingEdgeDelete] process.ProcessRunner run (ProcessRunner.java:111) - Setting field types
2012-09-16 18:53:38,313 INFO  [cuttingEdgeDelete] process.ProcessRunner run (ProcessRunner.java:115) - Setting object reference types
2012-09-16 18:53:38,517 INFO  [cuttingEdgeDelete] process.ProcessRunner run (ProcessRunner.java:119) - Creating Map
2012-09-16 18:53:38,522 INFO  [cuttingEdgeDelete] action.OperationInfo instantiateAction (OperationInfo.java:70) - Instantiating action for operation: delete
2012-09-16 18:53:38,621 INFO  [cuttingEdgeDelete] controller.Controller executeAction (Controller.java:106) - executing operation: delete
2012-09-16 18:53:38,623 INFO  [cuttingEdgeDelete] action.AbstractAction execute (AbstractAction.java:113) - Loading: delete
2012-09-16 18:53:38,974 INFO  [cuttingEdgeDelete] progress.NihilistProgressAdapter setSubTask (NihilistProgressAdapter.java:73) - Processed 32 of 32 total records. Rate: 356,000 records per hour. Estimated time to complete: 0 minutes and 0 seconds.  There are 32 successes and 0 errors.
2012-09-16 18:53:38,980 INFO  [cuttingEdgeDelete] progress.NihilistProgressAdapter doneSuccess (NihilistProgressAdapter.java:60) - The operation has fully completed.  There were 32 successful deletes and 0 errors.
2012-09-16 18:53:39,562 INFO  [main] controller.Controller initLog (Controller.java:367) - The log has been initialized
2012-09-16 18:53:39,576 INFO  [main] process.ProcessConfig getBeanFactory (ProcessConfig.java:78) - Loading process configuration from config file: C:\Work\Apex Data Loader 22.0\cliq_process\cuttingEdgeInsert\config\process-conf.xml
2012-09-16 18:53:39,683 INFO  [main] xml.XmlBeanDefinitionReader loadBeanDefinitions (XmlBeanDefinitionReader.java:163) - Loading XML bean definitions from file [C:\Work\Apex Data Loader 22.0\cliq_process\cuttingEdgeInsert\config\process-conf.xml]
2012-09-16 18:53:39,750 INFO  [main] core.CollectionFactory <clinit> (CollectionFactory.java:66) - JDK 1.4+ collections available
2012-09-16 18:53:39,770 INFO  [main] core.CollectionFactory <clinit> (CollectionFactory.java:71) - Commons Collections 3.x available
2012-09-16 18:53:39,909 INFO  [cuttingEdgeInsert] controller.Controller initConfig (Controller.java:328) - The controller config has been initialized
2012-09-16 18:53:39,916 INFO  [cuttingEdgeInsert] process.ProcessRunner run (ProcessRunner.java:90) - Initializing process engine
2012-09-16 18:53:39,917 INFO  [cuttingEdgeInsert] process.ProcessRunner run (ProcessRunner.java:93) - Loading parameters
2012-09-16 18:53:41,969 INFO  [cuttingEdgeInsert] config.LastRun load (LastRun.java:101) - Last run info will be saved in file: C:\Work\Apex Data Loader 22.0\cliq_process\cuttingEdgeInsert\log\cuttingEdgeInsert_lastRun.properties
2012-09-16 18:53:42,005 INFO  [cuttingEdgeInsert] process.ProcessRunner run (ProcessRunner.java:101) - Logging in to: https://www.salesforce.com/services/Soap/u/22.0
2012-09-16 18:53:42,025 INFO  [cuttingEdgeInsert] client.PartnerClient login (PartnerClient.java:448) - Beginning Partner Salesforce login ....
2012-09-16 18:53:42,069 INFO  [cuttingEdgeInsert] client.PartnerClient loginInternal (PartnerClient.java:488) - Salesforce login to https://www.salesforce.com/services/Soap/u/22.0/services/Soap/u/22.0 as user mp@bourne-leisure.co.uk
2012-09-16 18:53:43,051 INFO  [cuttingEdgeInsert] dao.DataAccessObjectFactory getDaoInstance (DataAccessObjectFactory.java:51) - Instantiating data access object: C:\Work\Apex Data Loader 22.0\cliq_process\cuttingEdgeInsert\read\cuttingEdgeInsert.csv of type: csvRead
2012-09-16 18:53:43,059 INFO  [cuttingEdgeInsert] process.ProcessRunner run (ProcessRunner.java:106) - Checking the data access object connection
2012-09-16 18:53:43,061 INFO  [cuttingEdgeInsert] process.ProcessRunner run (ProcessRunner.java:111) - Setting field types
2012-09-16 18:53:43,951 INFO  [cuttingEdgeInsert] process.ProcessRunner run (ProcessRunner.java:115) - Setting object reference types
2012-09-16 18:53:44,387 INFO  [cuttingEdgeInsert] process.ProcessRunner run (ProcessRunner.java:119) - Creating Map
2012-09-16 18:53:44,393 INFO  [cuttingEdgeInsert] action.OperationInfo instantiateAction (OperationInfo.java:70) - Instantiating action for operation: insert
2012-09-16 18:53:44,492 INFO  [cuttingEdgeInsert] controller.Controller executeAction (Controller.java:106) - executing operation: insert
2012-09-16 18:53:44,494 INFO  [cuttingEdgeInsert] action.AbstractAction execute (AbstractAction.java:113) - Loading: insert
2012-09-16 18:53:44,774 INFO  [cuttingEdgeInsert] progress.NihilistProgressAdapter setSubTask (NihilistProgressAdapter.java:73) - Processed 16 of 16 total records. Rate: 230,000 records per hour. Estimated time to complete: 0 minutes and 0 seconds.  There are 16 successes and 0 errors.
2012-09-16 18:53:44,780 INFO  [cuttingEdgeInsert] progress.NihilistProgressAdapter doneSuccess (NihilistProgressAdapter.java:60) - The operation has fully completed.  There were 16 successful inserts and 0 errors.
