2012-09-16 17:53:47,650 INFO  [main] controller.Controller initLog (Controller.java:367) - The log has been initialized
2012-09-16 17:53:47,664 INFO  [main] process.ProcessConfig getBeanFactory (ProcessConfig.java:78) - Loading process configuration from config file: C:\Work\Apex Data Loader 22.0\cliq_process\winnersCircleInsert\config\process-conf.xml
2012-09-16 17:53:47,764 INFO  [main] xml.XmlBeanDefinitionReader loadBeanDefinitions (XmlBeanDefinitionReader.java:163) - Loading XML bean definitions from file [C:\Work\Apex Data Loader 22.0\cliq_process\winnersCircleInsert\config\process-conf.xml]
2012-09-16 17:53:47,830 INFO  [main] core.CollectionFactory <clinit> (CollectionFactory.java:66) - JDK 1.4+ collections available
2012-09-16 17:53:47,850 INFO  [main] core.CollectionFactory <clinit> (CollectionFactory.java:71) - Commons Collections 3.x available
2012-09-16 17:53:47,987 INFO  [winnersCircleInsert] controller.Controller initConfig (Controller.java:328) - The controller config has been initialized
2012-09-16 17:53:47,996 INFO  [winnersCircleInsert] process.ProcessRunner run (ProcessRunner.java:90) - Initializing process engine
2012-09-16 17:53:47,997 INFO  [winnersCircleInsert] process.ProcessRunner run (ProcessRunner.java:93) - Loading parameters
2012-09-16 17:53:49,914 INFO  [winnersCircleInsert] config.LastRun load (LastRun.java:101) - Last run info will be saved in file: C:\Work\Apex Data Loader 22.0\cliq_process\winnersCircleInsert\log\winnersCircleInsert_lastRun.properties
2012-09-16 17:53:49,952 INFO  [winnersCircleInsert] process.ProcessRunner run (ProcessRunner.java:101) - Logging in to: https://www.salesforce.com/services/Soap/u/22.0
2012-09-16 17:53:49,973 INFO  [winnersCircleInsert] client.PartnerClient login (PartnerClient.java:448) - Beginning Partner Salesforce login ....
2012-09-16 17:53:50,018 INFO  [winnersCircleInsert] client.PartnerClient loginInternal (PartnerClient.java:488) - Salesforce login to https://www.salesforce.com/services/Soap/u/22.0/services/Soap/u/22.0 as user mp@bourne-leisure.co.uk
2012-09-16 17:53:51,031 INFO  [winnersCircleInsert] dao.DataAccessObjectFactory getDaoInstance (DataAccessObjectFactory.java:51) - Instantiating data access object: C:\Work\Apex Data Loader 22.0\cliq_process\winnersCircleInsert\read\winnersCircleInsert.csv of type: csvRead
2012-09-16 17:53:51,039 INFO  [winnersCircleInsert] process.ProcessRunner run (ProcessRunner.java:106) - Checking the data access object connection
2012-09-16 17:53:51,042 INFO  [winnersCircleInsert] process.ProcessRunner run (ProcessRunner.java:111) - Setting field types
2012-09-16 17:53:51,979 INFO  [winnersCircleInsert] process.ProcessRunner run (ProcessRunner.java:115) - Setting object reference types
2012-09-16 17:53:52,174 INFO  [winnersCircleInsert] process.ProcessRunner run (ProcessRunner.java:119) - Creating Map
2012-09-16 17:53:52,179 INFO  [winnersCircleInsert] action.OperationInfo instantiateAction (OperationInfo.java:70) - Instantiating action for operation: insert
2012-09-16 17:53:52,277 INFO  [winnersCircleInsert] controller.Controller executeAction (Controller.java:106) - executing operation: insert
2012-09-16 17:53:52,278 INFO  [winnersCircleInsert] action.AbstractAction execute (AbstractAction.java:113) - Loading: insert
2012-09-16 17:53:52,881 INFO  [winnersCircleInsert] progress.NihilistProgressAdapter setSubTask (NihilistProgressAdapter.java:73) - Processed 100 of 1,531 total records. Rate: 736,000 records per hour. Estimated time to complete: 0 minutes and 6 seconds.  There are 100 successes and 0 errors.
2012-09-16 17:53:53,335 INFO  [winnersCircleInsert] progress.NihilistProgressAdapter setSubTask (NihilistProgressAdapter.java:73) - Processed 200 of 1,531 total records. Rate: 1,702,000 records per hour. Estimated time to complete: 0 minutes and 2 seconds.  There are 200 successes and 0 errors.
2012-09-16 17:53:53,801 INFO  [winnersCircleInsert] progress.NihilistProgressAdapter setSubTask (NihilistProgressAdapter.java:73) - Processed 300 of 1,531 total records. Rate: 2,627,000 records per hour. Estimated time to complete: 0 minutes and 1 seconds.  There are 300 successes and 0 errors.
2012-09-16 17:53:54,331 INFO  [winnersCircleInsert] progress.NihilistProgressAdapter setSubTask (NihilistProgressAdapter.java:73) - Processed 400 of 1,531 total records. Rate: 2,851,000 records per hour. Estimated time to complete: 0 minutes and 1 seconds.  There are 400 successes and 0 errors.
2012-09-16 17:53:54,754 INFO  [winnersCircleInsert] progress.NihilistProgressAdapter setSubTask (NihilistProgressAdapter.java:73) - Processed 500 of 1,531 total records. Rate: 4,411,000 records per hour. Estimated time to complete: 0 minutes and 0 seconds.  There are 500 successes and 0 errors.
2012-09-16 17:53:55,198 INFO  [winnersCircleInsert] progress.NihilistProgressAdapter setSubTask (NihilistProgressAdapter.java:73) - Processed 600 of 1,531 total records. Rate: 5,082,000 records per hour. Estimated time to complete: 0 minutes and 0 seconds.  There are 600 successes and 0 errors.
2012-09-16 17:53:55,648 INFO  [winnersCircleInsert] progress.NihilistProgressAdapter setSubTask (NihilistProgressAdapter.java:73) - Processed 700 of 1,531 total records. Rate: 5,793,000 records per hour. Estimated time to complete: 0 minutes and 0 seconds.  There are 700 successes and 0 errors.
2012-09-16 17:53:56,090 INFO  [winnersCircleInsert] progress.NihilistProgressAdapter setSubTask (NihilistProgressAdapter.java:73) - Processed 800 of 1,531 total records. Rate: 6,824,000 records per hour. Estimated time to complete: 0 minutes and 0 seconds.  There are 800 successes and 0 errors.
2012-09-16 17:53:56,586 INFO  [winnersCircleInsert] progress.NihilistProgressAdapter setSubTask (NihilistProgressAdapter.java:73) - Processed 900 of 1,531 total records. Rate: 8,286,000 records per hour. Estimated time to complete: 0 minutes and 0 seconds.  There are 900 successes and 0 errors.
2012-09-16 17:53:57,011 INFO  [winnersCircleInsert] progress.NihilistProgressAdapter setSubTask (NihilistProgressAdapter.java:73) - Processed 1,000 of 1,531 total records. Rate: 8,716,000 records per hour. Estimated time to complete: 0 minutes and 0 seconds.  There are 1,000 successes and 0 errors.
2012-09-16 17:53:57,440 INFO  [winnersCircleInsert] progress.NihilistProgressAdapter setSubTask (NihilistProgressAdapter.java:73) - Processed 1,100 of 1,531 total records. Rate: 9,777,000 records per hour. Estimated time to complete: 0 minutes and 0 seconds.  There are 1,100 successes and 0 errors.
2012-09-16 17:53:58,229 INFO  [winnersCircleInsert] progress.NihilistProgressAdapter setSubTask (NihilistProgressAdapter.java:73) - Processed 1,200 of 1,531 total records. Rate: 5,559,000 records per hour. Estimated time to complete: 0 minutes and 0 seconds.  There are 1,200 successes and 0 errors.
2012-09-16 17:53:58,669 INFO  [winnersCircleInsert] progress.NihilistProgressAdapter setSubTask (NihilistProgressAdapter.java:73) - Processed 1,300 of 1,531 total records. Rate: 10,985,000 records per hour. Estimated time to complete: 0 minutes and 0 seconds.  There are 1,300 successes and 0 errors.
2012-09-16 17:53:59,180 INFO  [winnersCircleInsert] progress.NihilistProgressAdapter setSubTask (NihilistProgressAdapter.java:73) - Processed 1,400 of 1,531 total records. Rate: 12,173,000 records per hour. Estimated time to complete: 0 minutes and 0 seconds.  There are 1,400 successes and 0 errors.
2012-09-16 17:53:59,655 INFO  [winnersCircleInsert] progress.NihilistProgressAdapter setSubTask (NihilistProgressAdapter.java:73) - Processed 1,500 of 1,531 total records. Rate: 11,842,000 records per hour. Estimated time to complete: 0 minutes and 0 seconds.  There are 1,500 successes and 0 errors.
2012-09-16 17:53:59,913 INFO  [winnersCircleInsert] progress.NihilistProgressAdapter setSubTask (NihilistProgressAdapter.java:73) - Processed 1,531 of 1,531 total records. Rate: 22,314,000 records per hour. Estimated time to complete: 0 minutes and 0 seconds.  There are 1,531 successes and 0 errors.
2012-09-16 17:53:59,924 INFO  [winnersCircleInsert] progress.NihilistProgressAdapter doneSuccess (NihilistProgressAdapter.java:60) - The operation has fully completed.  There were 1531 successful inserts and 0 errors.
